"../../../Engine/Content/Functions/Engine_MaterialFunctions01/Shading/PowerToRoughness.uasset" 0
"../../../Engine/Content/EngineMaterials/DefaultDiffuse.uasset" 1
"../../../Engine/Content/EngineMaterials/DefaultDeferredDecalMaterial.uasset" 2
"../../../Engine/Content/EngineMaterials/DefaultLightFunctionMaterial.uasset" 3
"../../../Engine/Content/Functions/Engine_MaterialFunctions02/Utility/BreakOutFloat2Components.uasset" 4
"../../../Engine/Content/EngineMaterials/DefaultPostProcessMaterial.uasset" 5
"../../../Engine/Content/EditorMaterials/Camera/CineMat.uasset" 6
"../../../Engine/Content/EditorMaterials/Camera/MI_CineMat_Rig.uasset" 7
"../../../Engine/Content/EditorMeshes/Camera/SM_CraneRig_Base.uasset" 8
"../../../Engine/Content/EditorMeshes/Camera/SM_CraneRig_Arm.uasset" 9
"../../../Engine/Content/EditorMeshes/Camera/SM_CraneRig_Mount.uasset" 10
"../../../Engine/Content/EditorMeshes/Camera/SM_CraneRig_Body.uasset" 11
"../../../Engine/Content/EditorMeshes/Camera/SM_RailRig_Track.uasset" 12
"../../../Engine/Content/EditorMeshes/Camera/SM_RailRig_Mount.uasset" 13
"../../../Engine/Content/EditorResources/MatineeCam_D.uasset" 14
"../../../Engine/Content/EditorMaterials/MatineeCam_mat.uasset" 15
"../../../Engine/Content/EditorMeshes/MatineeCam_SM.uasset" 16
"../../../Engine/Content/EditorMaterials/Camera/MI_CineMat_CameraBody.uasset" 17
"../../../Engine/Content/EngineDebugMaterials/M_SimpleOpaque.uasset" 18
"../../../Engine/Content/EditorMaterials/Camera/MI_CineMat_CamViewFinder.uasset" 19
"../../../Engine/Content/EditorMeshes/Camera/SM_CineCam.uasset" 20
"../../../Engine/Content/Functions/Engine_MaterialFunctions01/Opacity/CameraDepthFade.uasset" 21
"../../../Engine/Content/EngineMaterials/T_Default_Material_Grid_M.uasset" 22
"../../../Engine/Content/EngineMaterials/T_Default_Material_Grid_N.uasset" 23
"../../../Engine/Content/EngineMaterials/WorldGridMaterial.uasset" 24
"../../../Engine/Content/ArtTools/RenderToTexture/Meshes/S_1_Unit_Plane.uasset" 25
"../../../Engine/Content/EngineDebugMaterials/M_SimpleTranslucent.uasset" 26
"../../../Engine/Content/EngineResources/AICON-Red.uasset" 27
"../../../Engine/Content/EngineResources/AICON-Green.uasset" 28
"../../../Engine/Content/EngineFonts/Roboto.uasset" 29
"../../../Engine/Content/EngineResources/DefaultTexture.uasset" 30
"../../../Engine/Content/Functions/Engine_MaterialFunctions01/Texturing/ScaleUVsByCenter.uasset" 31
"../../../Engine/Content/Functions/Engine_MaterialFunctions02/ScreenResolution.uasset" 32
"../../../Engine/Content/Functions/Engine_MaterialFunctions02/Texturing/ScreenAlignedUVs.uasset" 33
"../../../Engine/Content/EngineResources/WhiteSquareTexture.uasset" 34
"../../../Engine/Content/EngineMaterials/Widget3DPassThrough.uasset" 35
"../../../Engine/Content/EngineMaterials/Widget3DPassThrough_Translucent.uasset" 36
"../../../Engine/Content/EngineMaterials/Widget3DPassThrough_Translucent_OneSided.uasset" 37
"../../../Engine/Content/EngineMaterials/Widget3DPassThrough_Opaque.uasset" 38
"../../../Engine/Content/EngineMaterials/Widget3DPassThrough_Opaque_OneSided.uasset" 39
"../../../Engine/Content/EngineMaterials/Widget3DPassThrough_Masked.uasset" 40
"../../../Engine/Content/EngineMaterials/Widget3DPassThrough_Masked_OneSided.uasset" 41
"../../../Engine/Content/EditorResources/S_Actor.uasset" 42
"../../../Engine/Content/EditorResources/S_LevelSequence.uasset" 43
"../../../Engine/Content/EditorMaterials/AssetViewer/EpicQuadPanorama_CC+EV1.uasset" 44
"../../../Engine/Content/EditorResources/RGBTable16x1_AssetViewer.uasset" 45
"../../../Engine/Content/EditorResources/Bad.uasset" 46
"../../../Engine/Content/EditorMeshes/EditorCube.uasset" 47
"../../../Engine/Content/EditorMeshes/EditorSphere.uasset" 48
"../../../Engine/Content/EditorMeshes/EditorPlane.uasset" 49
"../../../Engine/Content/EditorMeshes/EditorCylinder.uasset" 50
"../../../Engine/Content/Maps/Templates/Thumbnails/Default.uasset" 51
"../../../Engine/Content/Maps/Templates/Thumbnails/VR-Basic.uasset" 52
"../../../Engine/Content/EditorMaterials/Thumbnails/SkySphereMaterial.uasset" 53
"../../../Engine/Content/EditorMeshes/EditorSkySphere.uasset" 54
"../../../Engine/Content/EngineMaterials/Grid.uasset" 55
"../../../Engine/Content/EditorMaterials/Thumbnails/FloorPlaneMaterial.uasset" 56
"../../../Engine/Content/MapTemplates/Sky/DaylightAmbientCubemap.uasset" 57
"../../../Engine/Content/EditorMaterials/ParticleSystems/PSysThumbnail_NoImage.uasset" 58
"../../../Engine/Content/EditorMaterials/ParticleSystems/PSysThumbnail_OOD.uasset" 59
"../../../Engine/Content/EditorResources/S_DecalActorIcon.uasset" 60
"../../../Engine/Content/EditorLandscapeResources/LandscapeGizmo_Mat.uasset" 61
"../../../Engine/Content/EditorLandscapeResources/LandscapeGizmo_Mat_Copied.uasset" 62
"../../../Engine/Content/EditorLandscapeResources/LandscapeGizmoHeight_Mat.uasset" 63
"../../../Engine/Content/EditorLandscapeResources/DataLayer.uasset" 64
"../../../Engine/Content/EditorResources/S_Terrain.uasset" 65
"../../../Engine/Content/Functions/Engine_MaterialFunctions02/Utility/Sign.uasset" 66
"../../../Engine/Content/Functions/Engine_MaterialFunctions02/Utility/Round.uasset" 67
"../../../Engine/Content/Functions/Engine_MaterialFunctions02/ExampleContent/Textures/flipbook.uasset" 68
"../../../Engine/Content/Functions/Engine_MaterialFunctions02/Texturing/FlipBook.uasset" 69
"../../../Engine/Content/EditorResources/T_EditorHelp.uasset" 70
"../../../Engine/Content/EditorMaterials/HelpActorMaterial.uasset" 71
"../../../Engine/Content/EditorResources/S_Emitter.uasset" 72
"../../../Engine/Content/EditorResources/S_ExpoHeightFog.uasset" 73
"../../../Engine/Content/EditorResources/S_NavP.uasset" 74
"../../../Engine/Content/EditorResources/S_Player.uasset" 75
"../../../Engine/Content/EditorResources/LightIcons/SkyLight.uasset" 76
"../../../Engine/Content/EditorResources/S_WindDirectional.uasset" 77
"../../../Engine/Content/EngineDamageTypes/DmgTypeBP_Environmental.uasset" 78
"../../../Engine/Content/EditorResources/LightIcons/S_LightDirectional.uasset" 79
"../../../Engine/Content/EditorResources/LightIcons/S_LightDirectionalMove.uasset" 80
"../../../Engine/Content/EditorResources/LightIcons/S_LightPoint.uasset" 81
"../../../Engine/Content/EditorResources/LightIcons/S_LightPointMove.uasset" 82
"../../../Engine/Content/EditorResources/LightIcons/S_LightSpot.uasset" 83
"../../../Engine/Content/EditorResources/LightIcons/S_LightSpotMove.uasset" 84
"../../../Engine/Content/EditorResources/S_PortalActorIcon2.uasset" 85
"../../../Engine/Content/EditorResources/MatInstActSprite.uasset" 86
"../../../Engine/Content/EditorResources/SceneManager.uasset" 87
"../../../Engine/Content/EditorResources/AI/S_NavLink.uasset" 88
"../../../Engine/Content/EditorResources/S_Note.uasset" 89
"../../../Engine/Content/EngineMeshes/Sphere.uasset" 90
"../../../Engine/Content/EditorResources/S_ReflActorIcon.uasset" 91
"../../../Engine/Content/EditorResources/S_Thruster.uasset" 92
"../../../Engine/Content/EditorResources/S_RadForce.uasset" 93
"../../../Engine/Content/EditorMaterials/TargetIcon.uasset" 94
"../../../Engine/Content/EngineFonts/RobotoDistanceField.uasset" 95
"../../../Engine/Content/EngineMaterials/DefaultTextMaterialOpaque.uasset" 96
"../../../Engine/Content/EditorResources/S_TextRenderActorIcon.uasset" 97
"../../../Engine/Content/EditorResources/S_Trigger.uasset" 98
"../../../Engine/Content/EditorResources/S_VectorFieldVol.uasset" 99
"../../../Engine/Content/EngineResources/GradientTexture0.uasset" 100
"../../../Engine/Content/EngineResources/Black.uasset" 101
"../../../Engine/Content/EditorMaterials/MatineeGroups/MAT_Groups_Float.uasset" 102
"../../../Engine/Content/EditorMaterials/MatineeGroups/MAT_Groups_Director.uasset" 103
"../../../Engine/Content/EditorMaterials/MatineeGroups/MAT_Groups_Event.uasset" 104
"../../../Engine/Content/EditorMaterials/MatineeGroups/MAT_Groups_Anim.uasset" 105
"../../../Engine/Content/EditorMaterials/MatineeGroups/MAT_Groups_Fade.uasset" 106
"../../../Engine/Content/EditorMaterials/MatineeGroups/MAT_Groups_Move.uasset" 107
"../../../Engine/Content/EditorMaterials/MatineeGroups/MAT_Groups_Slomo.uasset" 108
"../../../Engine/Content/EditorMaterials/MatineeGroups/MAT_ColorTrack.uasset" 109
"../../../Engine/Content/EditorMaterials/MAT_Groups_Toggle.uasset" 110
"../../../Engine/Content/EditorMaterials/MatineeGroups/MAT_Groups_AudioMaster.uasset" 111
"../../../Engine/Content/EditorMaterials/MatineeGroups/MAT_Groups_Sound.uasset" 112
"../../../Engine/Content/EditorMaterials/MatineeGroups/MAT_Groups_Vector.uasset" 113
"../../../Engine/Content/EditorMaterials/MAT_Groups_Visibility.uasset" 114
"../../../Engine/Content/EngineResources/DefaultTextureCube.uasset" 115
"../../../Engine/Content/EngineMaterials/DefaultMaterial.uasset" 116
"../../../Engine/Content/EngineMeshes/Cylinder.uasset" 117
"../../../Engine/Content/EngineTireTypes/DefaultTireType.uasset" 118
"../../../Engine/Content/EditorResources/S_FTest.uasset" 119
"../../../Engine/Content/VREditor/LaserPointer/VR_LaserPower_01.uasset" 120
"../../../Engine/Content/VREditor/TransformGizmo/TransformGizmoMaterial.uasset" 121
"../../../Engine/Content/VREditor/TransformGizmo/TranslucentTransformGizmoMaterial.uasset" 122
"../../../Engine/Content/VREditor/TransformGizmo/UniformScaleHandle.uasset" 123
"../../../Engine/Content/VREditor/TransformGizmo/TranslateHandleLong.uasset" 124
"../../../Engine/Content/VREditor/TransformGizmo/PlaneTranslationHandle.uasset" 125
"../../../Engine/Content/VREditor/TransformGizmo/RotationHandleFull.uasset" 126
"../../../Engine/Content/VREditor/TransformGizmo/StretchingHandle.uasset" 127
"../../../Engine/Content/VREditor/TransformGizmo/BoundingBoxCorner.uasset" 128
"../../../Engine/Content/VREditor/TransformGizmo/BoundingBoxEdge.uasset" 129
"../../../Engine/Content/VREditor/UI/SelectionBarMesh.uasset" 130
"../../../Engine/Content/VREditor/UI/CloseButtonMesh.uasset" 131
"../../../Engine/Content/VREditor/FloatingText/LineMaterial.uasset" 132
"../../../Engine/Content/VREditor/FloatingText/LineSegmentCylinder.uasset" 133
"../../../Engine/Content/VREditor/FloatingText/JointSphere.uasset" 134
"../../../Engine/Content/VREditor/Fonts/VRText_RobotoLarge.uasset" 135
"../../../Engine/Content/VREditor/Fonts/VRTextMaterial.uasset" 136
"../../../Engine/Content/VREditor/Fonts/TranslucentVRTextMaterial.uasset" 137
"../../../Engine/Content/VREditor/TransformGizmo/TranslationHandle.uasset" 138
"../../../Engine/Content/VREditor/TransformGizmo/RotationHandle.uasset" 139
"../../../Engine/Content/VREditor/Devices/Generic/GenericHMDMaterial.uasset" 140
"../../../Engine/Content/VREditor/Devices/Generic/GenericHMD.uasset" 141
"../../../Engine/Content/Functions/Engine_MaterialFunctions01/Gradient/RadialGradient.uasset" 142
"../../../Engine/Content/EditorLandscapeResources/FlattenHeightMat.uasset" 143
"../../../Engine/Content/VREditor/WorldMovementGrid/PlaneMesh.uasset" 144
"../../../Engine/Content/VREditor/WorldMovementGrid/SimpleGrid.uasset" 145
"../../../Engine/Content/VREditor/WorldMovementGrid/GridMaterial.uasset" 146
"../../../Engine/Content/VREditor/LaserPointer/LaserPointerMaterial.uasset" 147
"../../../Engine/Content/VREditor/LaserPointer/LaserPointerMaterialInst.uasset" 148
"../../../Engine/Content/VREditor/LaserPointer/TranslucentLaserPointerMaterialInst.uasset" 149
"../../../Engine/Content/VREditor/LaserPointer/LaserPointerMesh.uasset" 150
"../../../Engine/Content/Functions/Engine_MaterialFunctions01/Density/ExponentialDensity.uasset" 151
"../../../Engine/Content/VREditor/WorldMovementGrid/GridPostProcess.uasset" 152
"../../../Engine/Content/VREditor/Sounds/VR_teleport_Cue.uasset" 153
"../../../Engine/Content/VREditor/Sounds/VR_grab_Cue.uasset" 154
"../../../Engine/Plugins/2D/Paper2D/Content/PlaceholderTextures/DummySpriteTexture.uasset" 155
"../../../Engine/Plugins/2D/Paper2D/Content/DefaultSpriteMaterial.uasset" 156
"../../../Engine/Plugins/2D/Paper2D/Content/MaskedUnlitSpriteMaterial.uasset" 157
"../../../Engine/Plugins/2D/Paper2D/Content/OpaqueUnlitSpriteMaterial.uasset" 158
"../../../Engine/Plugins/2D/Paper2D/Content/DummySprite.uasset" 159
"../../../Engine/Plugins/2D/Paper2D/Content/DefaultPaperTerrainMaterial.uasset" 160
"../../../Tank/Content/FirstPerson/Character/Mesh/SK_Mannequin_Arms_Skeleton.uasset" 161
"../../../Tank/Content/FirstPerson/Animations/FirstPerson_Idle.uasset" 162
"../../../Tank/Content/FirstPerson/Animations/FirstPerson_JumpEnd.uasset" 163
"../../../Tank/Content/FirstPerson/Animations/FirstPerson_JumpLoop.uasset" 164
"../../../Tank/Content/FirstPerson/Animations/FirstPerson_JumpStart.uasset" 165
"../../../Tank/Content/FirstPerson/Animations/FirstPerson_Run.uasset" 166
"../../../Engine/Content/EditorBlueprintResources/StandardMacros.uasset" 167
"../../../Tank/Content/FirstPerson/Animations/FirstPerson_AnimBP.uasset" 168
"../../../Tank/Content/FirstPerson/Animations/FirstPerson_Fire.uasset" 169
"../../../Tank/Content/FirstPerson/Animations/FirstPersonFire_Montage.uasset" 170
"../../../Tank/Content/FirstPerson/Audio/FirstPersonTemplateWeaponFire02.uasset" 171
"../../../Tank/Content/FirstPersonCPP/Blueprints/FirstPersonCharacter.uasset" 172
"../../../Engine/Content/ArtTools/RenderToTexture/Enums/EIntTypes.uasset" 173
"../../../Engine/Content/ArtTools/RenderToTexture/Macros/RenderToTextureFunctionLibrary.uasset" 174
"../../../Engine/Content/EditorMaterials/CompositeARGBLayer.uasset" 175
"../../../Engine/Content/EditorMaterials/MakeCompositeARGBLayer.uasset" 176
"../../../Engine/Content/EditorResources/LevelGrid1DStripes.uasset" 177
"../../../Engine/Content/EditorMaterials/TextureGridCascaded1D.uasset" 178
"../../../Engine/Content/EditorMaterials/TextureGridCascaded2D.uasset" 179
"../../../Engine/Content/EditorMaterials/LevelGridMaterial2.uasset" 180
"../../../Engine/Content/Tutorial/Basics/TutorialAssets/icon_tab_Levels_40x.uasset" 181
"../../../Tank/Content/FirstPerson/Textures/FirstPersonCrosshair.uasset" 182
"../../../Engine/Content/EditorSounds/Notifications/CompileSuccess.uasset" 183
"../../../Engine/Content/EditorSounds/Notifications/CompileStart_Cue.uasset" 184
"../../../Engine/Content/EditorSounds/Notifications/CompileSuccess_Cue.uasset" 185
"../../../Engine/Content/EditorSounds/Notifications/CompileFailed.uasset" 186
"../../../Engine/Content/EditorSounds/Notifications/CompileFailed_Cue.uasset" 187
"../../../Engine/Content/BufferVisualization/BaseColor.uasset" 188
"../../../Engine/Content/BufferVisualization/CustomDepth.uasset" 189
"../../../Engine/Content/Functions/Engine_MaterialFunctions02/Utility/MakeFloat2.uasset" 190
"../../../Engine/Content/Functions/Engine_MaterialFunctions02/Utility/MakeFloat3.uasset" 191
"../../../Engine/Content/EngineMaterials/MiniFont.uasset" 192
"../../../Engine/Content/BufferVisualization/CustomStencil.uasset" 193
"../../../Engine/Content/BufferVisualization/FinalImage.uasset" 194
"../../../Engine/Content/BufferVisualization/LightingModel.uasset" 195
"../../../Engine/Content/BufferVisualization/MaterialAO.uasset" 196
"../../../Engine/Content/BufferVisualization/Metallic.uasset" 197
"../../../Engine/Content/BufferVisualization/Opacity.uasset" 198
"../../../Engine/Content/BufferVisualization/Roughness.uasset" 199
"../../../Engine/Content/BufferVisualization/SceneColor.uasset" 200
"../../../Engine/Content/BufferVisualization/SceneDepth.uasset" 201
"../../../Engine/Content/BufferVisualization/SeparateTranslucencyRGB.uasset" 202
"../../../Engine/Content/BufferVisualization/SeparateTranslucencyA.uasset" 203
"../../../Engine/Content/BufferVisualization/Specular.uasset" 204
"../../../Engine/Content/BufferVisualization/SubsurfaceColor.uasset" 205
"../../../Engine/Content/BufferVisualization/WorldNormal.uasset" 206
"../../../Engine/Content/EngineMaterials/DefaultPhysicalMaterial.uasset" 207
"../../../Engine/Content/BufferVisualization/AmbientOcclusion.uasset" 208
"../../../Engine/Content/Functions/Engine_MaterialFunctions02/Utility/VectorLength.uasset" 209
"../../../Engine/Content/BufferVisualization/CustomDepthWorldUnits.uasset" 210
"../../../Engine/Content/BufferVisualization/SceneDepthWorldUnits.uasset" 211
"../../../Engine/Content/BufferVisualization/HDRColor.uasset" 212
"../../../Engine/Content/EngineMaterials/HighResolutionScreenshotMaskFunction.uasset" 213
"../../../Engine/Content/EngineMaterials/HighResScreenshot.uasset" 214
"../../../Engine/Content/EngineMaterials/HighResScreenshotMask.uasset" 215
"../../../Engine/Content/EngineMaterials/HighResScreenshotCaptureRegion.uasset" 216
"../../../Engine/Content/EngineDebugMaterials/WireframeMaterial.uasset" 217
"../../../Engine/Content/Functions/Engine_MaterialFunctions01/Shading/ConvertFromDiffSpec.uasset" 218
"../../../Engine/Content/EngineDebugMaterials/LevelColorationLitMaterial.uasset" 219
"../../../Engine/Content/EngineDebugMaterials/LevelColorationUnlitMaterial.uasset" 220
"../../../Engine/Content/EngineMaterials/DefaultWhiteGrid.uasset" 221
"../../../Engine/Content/EngineDebugMaterials/MAT_LevelColorationLitLightmapUV.uasset" 222
"../../../Engine/Content/EngineDebugMaterials/ShadedLevelColorationLitMaterial.uasset" 223
"../../../Engine/Content/EngineDebugMaterials/ShadedLevelColorationUnlitMateri.uasset" 224
"../../../Engine/Content/EngineDebugMaterials/VertexColorMaterial.uasset" 225
"../../../Engine/Content/EngineDebugMaterials/VertexColorViewMode_ColorOnly.uasset" 226
"../../../Engine/Content/EngineDebugMaterials/VertexColorViewMode_AlphaAsColor.uasset" 227
"../../../Engine/Content/EngineDebugMaterials/VertexColorViewMode_RedOnly.uasset" 228
"../../../Engine/Content/EngineDebugMaterials/VertexColorViewMode_GreenOnly.uasset" 229
"../../../Engine/Content/EngineDebugMaterials/VertexColorViewMode_BlueOnly.uasset" 230
"../../../Engine/Content/EngineMaterials/RemoveSurfaceMaterial.uasset" 231
"../../../Engine/Content/EngineDebugMaterials/DebugMeshMaterial.uasset" 232
"../../../Engine/Content/EngineMaterials/InvalidLightmapSettings.uasset" 233
"../../../Engine/Content/EngineMaterials/M_InvalidLightmapSettings.uasset" 234
"../../../Engine/Content/EditorMaterials/GizmoMaterial.uasset" 235
"../../../Engine/Content/EngineMaterials/PhAT_JointLimitMaterial.uasset" 236
"../../../Engine/Content/EngineDebugMaterials/GeomMaterial.uasset" 237
"../../../Engine/Content/EngineMaterials/EditorBrushMaterial.uasset" 238
"../../../Engine/Content/EngineDebugMaterials/HeatmapGradient.uasset" 239
"../../../Engine/Content/EngineDebugMaterials/BoneWeightMaterial.uasset" 240
"../../../Engine/Content/EditorMaterials/PreviewShadowIndicator.uasset" 241
"../../../Engine/Content/EditorMaterials/PreviewShadowIndicatorMaterial.uasset" 242
"../../../Engine/Content/EditorResources/BSPVertex.uasset" 243
"../../../Engine/Content/EngineMaterials/Good64x64TilingNoiseHighFreq.uasset" 244
"../../../Engine/Content/EngineMaterials/DefaultBokeh.uasset" 245
"../../../Engine/Content/EngineMaterials/PreintegratedSkinBRDF.uasset" 246
"../../../Engine/Content/EngineMaterials/WeightMapPlaceholderTexture.uasset" 247
"../../../Engine/Content/EngineFonts/RobotoTiny.uasset" 248
"../../../Engine/Content/Tutorial/ContentIntroCurve.uasset" 249
"../../../Engine/Content/EditorMaterials/Cross.uasset" 250
"../../../Engine/Content/EditorMaterials/Cross_Mat.uasset" 251
"../../../Engine/Content/EditorMaterials/PhAT_BoneSelectedMaterial.uasset" 252
"../../../Engine/Content/EditorMaterials/PhAT_ElemSelectedMaterial.uasset" 253
"../../../Engine/Content/EditorMaterials/PhAT_NoCollisionMaterial.uasset" 254
"../../../Engine/Content/EditorMaterials/PhAT_UnselectedMaterial.uasset" 255
"../../../Engine/Content/EditorMaterials/Tick.uasset" 256
"../../../Engine/Content/EditorMaterials/Tick_Mat.uasset" 257
"../../../Engine/Content/EditorMaterials/WidgetGridVertexColorMaterial.uasset" 258
"../../../Engine/Content/EditorMaterials/WidgetGridVertexColorMaterial_Ma.uasset" 259
"../../../Engine/Content/EditorMaterials/WidgetMaterial.uasset" 260
"../../../Engine/Content/EditorMaterials/WidgetMaterial_Current.uasset" 261
"../../../Engine/Content/EditorMaterials/WidgetMaterial_X.uasset" 262
"../../../Engine/Content/EditorMaterials/WidgetMaterial_Y.uasset" 263
"../../../Engine/Content/EditorMaterials/WidgetMaterial_Z.uasset" 264
"../../../Engine/Content/EditorMaterials/WidgetVertexColorMaterial.uasset" 265
"../../../Engine/Content/EditorMaterials/TilingAALineIntegral.uasset" 266
"../../../Engine/Content/EditorMaterials/TilingAALineBoxFiltered.uasset" 267
"../../../Engine/Content/Functions/Engine_MaterialFunctions03/Procedurals/ComputeFilterWidth.uasset" 268
"../../../Engine/Content/EditorMaterials/TilingAADots.uasset" 269
"../../../Engine/Content/EditorMaterials/Cascade/CASC_Cross.uasset" 270
"../../../Engine/Content/EditorMaterials/Cascade/CASC_None.uasset" 271
"../../../Engine/Content/Functions/Engine_MaterialFunctions03/Blends/Blend_Screen.uasset" 272
"../../../Engine/Content/EditorMaterials/TilingAAGrid.uasset" 273
"../../../Engine/Content/EditorMaterials/LevelGridMaterial.uasset" 274
"../../../Engine/Content/EditorResources/SmallFont.uasset" 275
"../../../Engine/Content/EditorResources/S_KBSJoint.uasset" 276
"../../../Engine/Content/EditorResources/S_KHinge.uasset" 277
"../../../Engine/Content/EditorResources/S_KPrismatic.uasset" 278
"../../../Engine/Content/EditorResources/LightIcons/S_LightError.uasset" 279
"../../../Engine/Content/EditorResources/Spline/T_Loft_Spline.uasset" 280
"../../../Engine/Content/EngineMaterials/BlinkingCaret.uasset" 281
"../../../Engine/Content/EngineMaterials/DefaultNormal.uasset" 282
"../../../Engine/Content/EngineMaterials/Grid_N.uasset" 283
"../../../Engine/Content/EngineMaterials/LandscapeHolePhysicalMaterial.uasset" 284
"../../../Engine/Content/EngineMaterials/PaperDiffuse.uasset" 285
"../../../Engine/Content/EngineMaterials/PaperNormal.uasset" 286
"../../../Engine/Content/EngineMaterials/PhysMat_Rubber.uasset" 287
"../../../Engine/Content/EngineFonts/SmallFont.uasset" 288
"../../../Engine/Content/EngineFonts/TinyFont.uasset" 289
"../../../Engine/Content/EngineResources/StreamingPauseIcon.uasset" 290
"../../../Engine/Content/EngineResources/M_StreamingPause.uasset" 291
"../../../Engine/Content/BasicShapes/Cube.uasset" 292
"../../../Engine/Content/BasicShapes/Sphere.uasset" 293
"../../../Engine/Content/BasicShapes/Cylinder.uasset" 294
"../../../Engine/Content/BasicShapes/Cone.uasset" 295
"../../../Engine/Content/EditorResources/SequenceRecorder/Countdown.uasset" 296
"../../../Engine/Content/EditorResources/SequenceRecorder/RecordingIndicator.uasset" 297
"../../../Engine/Content/ArtTools/RenderToTexture/Enums/EFloatTypes.uasset" 298
"../../../Engine/Content/ArtTools/RenderToTexture/Macros/RenderToTextureMacros.uasset" 299
"../../../Engine/Content/EditorBlueprintResources/ActorMacros.uasset" 300
"../../../Engine/Content/ArtTools/RenderToTexture/Enums/RenderToTexture_Enum.uasset" 301
"../../../Engine/Content/ArtTools/RenderToTexture/Enums/RenderToTexture_Flipbook_Enum.uasset" 302
"../../../Engine/Content/ArtTools/RenderToTexture/Enums/RenderToTexture_Imposter_Enum.uasset" 303
"../../../Engine/Content/VREditor/Tutorial/UMG/Specialized/AnimsForHands.uasset" 304
"../../../Engine/Content/EditorMaterials/GridMaterial.uasset" 305
"../../../Engine/Content/EditorMeshes/PhAT_FloorBox.uasset" 306
"../../../Engine/Content/EditorMaterials/AntialiasedGridFloor.uasset" 307
"../../../Engine/Content/EditorResources/TilePatine_D.uasset" 308
"../../../Engine/Content/EditorResources/TilePatine_N.uasset" 309
"../../../Engine/Content/EditorMaterials/PersonaFloorMat.uasset" 310
"../../../Engine/Content/Tutorial/BlueprintTutorials/TutorialAssets/Blueprint_64x.uasset" 311
"../../../Engine/Content/Functions/Engine_MaterialFunctions02/Utility/BlendAngleCorrectedNormals.uasset" 312
"../../../Tank/Content/StarterContent/Textures/T_MacroVariation.uasset" 313
"../../../Tank/Content/StarterContent/Textures/T_Metal_Rust_D.uasset" 314
"../../../Tank/Content/StarterContent/Textures/T_Metal_Rust_N.uasset" 315
"../../../Tank/Content/StarterContent/Materials/M_Metal_Rust.uasset" 316
"../../../Tank/Content/StarterContent/Textures/T_Metal_Aluminum_D.uasset" 317
"../../../Tank/Content/StarterContent/Textures/T_Metal_Gold_N.uasset" 318
"../../../Tank/Content/StarterContent/Materials/M_Metal_Burnished_Steel.uasset" 319
"../../../Engine/Content/EditorResources/EmptyActor.uasset" 320
"../../../Engine/Content/EditorSounds/GamePreview/EndPlayInEditor.uasset" 321
"../../../Engine/Content/EditorSounds/GamePreview/EndPlayInEditor_Cue.uasset" 322
"../../../Engine/Content/EditorSounds/GamePreview/StartPlayInEditor.uasset" 323
"../../../Engine/Content/EditorSounds/GamePreview/StartPlayInEditor_Cue.uasset" 324
"../../../Engine/Content/EditorResources/AudioIcons/S_AudioComponent_AutoActivate.uasset" 325
"../../../Engine/Content/Functions/Engine_MaterialFunctions01/ImageAdjustment/BlurSampleOffsets.uasset" 326
"../../../Engine/Content/Functions/Engine_MaterialFunctions02/SampleSceneDepth.uasset" 327
"../../../Engine/Content/Functions/Engine_MaterialFunctions02/Texturing/WorldPositionWithScale.uasset" 328
"../../../Engine/Content/Functions/Engine_MaterialFunctions02/Utility/CameraDirectionVector.uasset" 329
"../../../Engine/Content/Functions/Engine_MaterialFunctions02/Utility/LinearSine.uasset" 330
"../../../Engine/Content/Functions/Engine_MaterialFunctions02/UVs/WorldPositionBehindTranslucency.uasset" 331
"../../../Engine/Content/Functions/Engine_MaterialFunctions02/WorldPositionOffset/ObjectScale.uasset" 332
"../../../Engine/Content/EditorLandscapeResources/FoliageBrushSphereMaterial.uasset" 333
"../../../Engine/Content/Tutorial/Foliage/TutorialAssets/Foliage.uasset" 334
"../../../Engine/Content/EditorLandscapeResources/WhiteSquareTexture.uasset" 335
"../../../Engine/Content/EditorLandscapeResources/LayerVisMaterial.uasset" 336
"../../../Engine/Content/EditorLandscapeResources/DefaultAlphaTexture.uasset" 337
"../../../Engine/Content/EditorLandscapeResources/SelectBrushMaterial.uasset" 338
"../../../Engine/Content/EditorLandscapeResources/SelectBrushMaterial_Selected.uasset" 339
"../../../Engine/Content/EditorLandscapeResources/SelectBrushMaterial_SelectedRegion.uasset" 340
"../../../Engine/Content/EditorLandscapeResources/MaskBrushMaterial.uasset" 341
"../../../Engine/Content/EditorLandscapeResources/MaskBrushMaterial_MaskedRegion.uasset" 342
"../../../Engine/Content/Functions/Engine_MaterialFunctions02/WorldPositionOffset/LocalPosition.uasset" 343
"../../../Engine/Content/EditorLandscapeResources/LandscapeLayerUsageMaterial.uasset" 344
"../../../Engine/Content/EditorLandscapeResources/FlattenPlaneMesh.uasset" 345
"../../../Engine/Content/EditorLandscapeResources/MirrorPlaneMaterial.uasset" 346
"../../../Engine/Content/EditorLandscapeResources/CircleBrushMaterial.uasset" 347
"../../../Engine/Content/EditorLandscapeResources/CircleBrushMaterial_Smooth.uasset" 348
"../../../Engine/Content/EditorLandscapeResources/CircleBrushMaterial_Linear.uasset" 349
"../../../Engine/Content/EditorLandscapeResources/CircleBrushMaterial_Spherical.uasset" 350
"../../../Engine/Content/EditorLandscapeResources/CircleBrushMaterial_Tip.uasset" 351
"../../../Engine/Content/EditorLandscapeResources/AlphaBrushMaterial.uasset" 352
"../../../Engine/Content/EditorLandscapeResources/AlphaBrushMaterial_Smooth.uasset" 353
"../../../Engine/Content/EditorLandscapeResources/PatternBrushMaterial_Smooth.uasset" 354
"../../../Engine/Content/EditorLandscapeResources/MaskBrushMaterial_Gizmo.uasset" 355
"../../../Engine/Content/EditorLandscapeResources/LandscapeThumbnailWeightmap.uasset" 356
"../../../Engine/Content/EditorLandscapeResources/LandscapeThumbnailHeightmap.uasset" 357
"../../../Tank/Content/StarterContent/Textures/T_Rock_Basalt_D.uasset" 358
"../../../Engine/Content/Tutorial/Landscape/TutorialAssets/Landscape.uasset" 359
"../../../Engine/Content/EditorSounds/GamePreview/EndSimulate.uasset" 360
"../../../Engine/Content/EditorSounds/GamePreview/EndSimulate_Cue.uasset" 361
"../../../Tank/Content/StarterContent/Textures/T_Concrete_Grime_D.uasset" 362
"../../../Tank/Content/StarterContent/Textures/T_Perlin_Noise_M.uasset" 363
"../../../Tank/Content/StarterContent/Materials/M_Concrete_Grime.uasset" 364
"../../../Engine/Content/EditorSounds/GamePreview/PossessPlayer.uasset" 365
"../../../Engine/Content/EditorSounds/GamePreview/PossessPlayer_Cue.uasset" 366
"../../../Engine/Content/MobileResources/T_MobileControls_texture.uasset" 367
"../../../Engine/Content/MobileResources/T_MobileMenu2.uasset" 368
"../../../Engine/Content/MobileResources/HUD/AnalogHat.uasset" 369
"../../../Engine/Content/MobileResources/HUD/VirtualJoystick_Background.uasset" 370
"../../../Engine/Content/MobileResources/HUD/VirtualJoystick_Thumb.uasset" 371
"../../../Engine/Content/MobileResources/HUD/DefaultVirtualJoysticks.uasset" 372
"../../../Engine/Content/MobileResources/HUD/LeftVirtualJoystickOnly.uasset" 373
"../../../Engine/Content/MobileResources/HUD/MobileHUDButton1_off.uasset" 374
"../../../Engine/Content/MobileResources/HUD/MobileHUDButton1_on.uasset" 375
"../../../Engine/Content/MobileResources/HUD/MobileHUDButton2_off.uasset" 376
"../../../Engine/Content/MobileResources/HUD/MobileHUDButton2_on.uasset" 377
"../../../Engine/Content/MobileResources/HUD/MobileHUDButton3.uasset" 378
"../../../Engine/Content/MobileResources/HUD/MobileHUDButtonFire.uasset" 379
"../../../Engine/Content/MobileResources/HUD/MobileHUDDirectionPad.uasset" 380
"../../../Engine/Content/MobileResources/HUD/MobileHUDDirectionPad2.uasset" 381
"../../../Engine/Content/MobileResources/HUD/MobileHUDDirectionPad3.uasset" 382
"../../../Engine/Content/MobileResources/HUD/MobileHUDDirectionStick.uasset" 383
"../../../Engine/Content/MobileResources/HUD/T_Castle_ThumbstickInner.uasset" 384
"../../../Engine/Content/MobileResources/HUD/T_Castle_ThumbstickOutter.uasset" 385
"../../../Engine/Content/EditorResources/SimplygonLogo.uasset" 386
"../../../Engine/Content/MapTemplates/Sky/SunsetAmbientCubemap.uasset" 387
"../../../Engine/Content/EditorMaterials/AssetViewer/M_SkyBox.uasset" 388
"../../../Tank/Content/StarterContent/Textures/T_Wood_Walnut_D.uasset" 389
"../../../Tank/Content/StarterContent/Textures/T_Wood_Walnut_N.uasset" 390
"../../../Tank/Content/StarterContent/Materials/M_Wood_Walnut.uasset" 391
"../../../Engine/Content/EditorMeshes/AssetViewer/Sphere_inversenormals.uasset" 392
"../../../Engine/Content/BasicShapes/BasicShapeMaterial.uasset" 393
"../../../Tank/Content/Arena/Materials/CubeMaterial.uasset" 394
"../../../Tank/Content/Arena/Meshes/1M_Cube.uasset" 395
"../../../Tank/Content/Flak88/Meshes/M_Tent.uasset" 396
"../../../Tank/Content/Flak88/Meshes/Tent.uasset" 397
"../../../Tank/Content/StarterContent/Textures/T_Ground_Grass_D.uasset" 398
"../../../Tank/Content/StarterContent/Textures/T_Ground_Grass_N.uasset" 399
"../../../Tank/Content/StarterContent/Materials/M_Ground_Grass_Dark.uasset" 400
"../../../Engine/Content/Functions/Engine_MaterialFunctions02/WorldPositionOffset/Wind.uasset" 401
"../../../Tank/Content/Vegetation/Textures/Placeholder/tex_diffuse.uasset" 402
"../../../Tank/Content/Vegetation/Textures/Placeholder/tex_normal.uasset" 403
"../../../Tank/Content/Vegetation/Material/Master_Material/M_bark.uasset" 404
"../../../Tank/Content/Vegetation/Textures/Trees/tex_deciduousbark2_diff.uasset" 405
"../../../Tank/Content/Vegetation/Textures/Trees/tex_deciduousbark2_n.uasset" 406
"../../../Tank/Content/Vegetation/Material/Child_Material/M_deciduousbark2_Inst.uasset" 407
"../../../Engine/Content/ArtTools/RenderToTexture/MaterialFunctions/FlipbookWind.uasset" 408
"../../../Tank/Content/Vegetation/Material/Master_Material/M_tree_pro.uasset" 409
"../../../Tank/Content/Vegetation/Textures/tex_snow_diff.uasset" 410
"../../../Tank/Content/Vegetation/Textures/tex_snow_mask1.uasset" 411
"../../../Tank/Content/Vegetation/Textures/tex_variation_diff.uasset" 412
"../../../Tank/Content/Vegetation/Textures/Trees/tex_branch_diff.uasset" 413
"../../../Tank/Content/Vegetation/Textures/Trees/tex_leaves_diff.uasset" 414
"../../../Tank/Content/Vegetation/Material/Child_Material/M_tree_pro_Inst.uasset" 415
"../../../Tank/Content/Vegetation/Meshes/Trees/SM_tree10.uasset" 416
"../../../Tank/Content/Vegetation/Meshes/Trees/SM_tree4.uasset" 417
"../../../Tank/Content/Vegetation/Meshes/Trees/SM_tree5.uasset" 418
"../../../Engine/Content/EngineSky/C_Sky_Cloud_Color.uasset" 419
"../../../Engine/Content/EngineSky/C_Sky_Horizon_Color.uasset" 420
"../../../Engine/Content/EngineSky/C_Sky_Zenith_Color.uasset" 421
"../../../Engine/Content/EngineSky/T_Sky_Blue.uasset" 422
"../../../Engine/Content/EngineSky/T_Sky_Clouds_M.uasset" 423
"../../../Engine/Content/EngineSky/T_Sky_Stars.uasset" 424
"../../../Engine/Content/EngineSky/M_Sky_Panning_Clouds2.uasset" 425
"../../../Engine/Content/EngineSky/SM_SkySphere.uasset" 426
"../../../Engine/Content/EngineSky/BP_Sky_Sphere.uasset" 427
"../../../Tank/Content/Vegetation/Material/Master_Material/reaction_param_collection.uasset" 428
"../../../Tank/Content/Vegetation/Material/Master_Material/M_grass_pro.uasset" 429
"../../../Tank/Content/Vegetation/Material/Child_Material/M_bush_pro_Inst.uasset" 430
"../../../Tank/Content/Vegetation/Material/Master_Material/M_grass_basic.uasset" 431
"../../../Tank/Content/Vegetation/Material/Child_Material/M_bush_basic_Inst.uasset" 432
"../../../Tank/Content/Vegetation/Meshes/Bush/SM_bush1.uasset" 433
"../../../Tank/Content/Vegetation/Meshes/Bush/SM_bush3.uasset" 434
"../../../Tank/Content/Vegetation/Meshes/Bush/SM_bush4.uasset" 435
"../../../Tank/Content/Vegetation/Meshes/Bush/SM_bush6.uasset" 436
"../../../Tank/Content/Arena/Blueprints/Bushline.uasset" 437
"../../../Tank/Content/StarterContent/Textures/T_Wood_Oak_D.uasset" 438
"../../../Tank/Content/StarterContent/Textures/T_Wood_Oak_N.uasset" 439
"../../../Tank/Content/StarterContent/Materials/M_Wood_Oak.uasset" 440
"../../../Tank/Content/Arena/Meshes/Fence5.uasset" 441
"../../../Tank/Content/Arena/Blueprints/Fence.uasset" 442
"../../../Tank/Content/Vegetation/Textures/Trees/tex_birchbark_diff.uasset" 443
"../../../Tank/Content/Vegetation/Textures/Trees/tex_birchbark_n.uasset" 444
"../../../Tank/Content/Vegetation/Showcase_Assets/M_birchbark_Inst.uasset" 445
"../../../Tank/Content/Vegetation/Material/Master_Material/M_tree_basic.uasset" 446
"../../../Tank/Content/Vegetation/Showcase_Assets/M_tree_basic_Inst.uasset" 447
"../../../Tank/Content/Vegetation/Meshes/Trees/SM_tree1.uasset" 448
"../../../Tank/Content/Vegetation/Meshes/Trees/SM_tree3.uasset" 449
"../../../Tank/Content/Vegetation/Meshes/Trees/SM_tree7.uasset" 450
"../../../Tank/Content/Vegetation/Meshes/Trees/SM_tree8.uasset" 451
"../../../Tank/Content/Vegetation/Meshes/Trees/SM_tree9.uasset" 452
"../../../Tank/Content/Arena/Blueprints/Treeline.uasset" 453
"../../../Tank/Content/Flak88/Meshes/Flak88_Skeleton.uasset" 454
"../../../Tank/Content/Flak88/Animations/88AnimBlueprint.uasset" 455
"../../../Tank/Content/Flak88/Meshes/Canister.uasset" 456
"../../../Tank/Content/Flak88/Blueprints/Canister_Blueprint.uasset" 457
"../../../Tank/Content/Flak88/Audio/Explosion01.uasset" 458
"../../../Tank/Content/Flak88/Meshes/Warhead.uasset" 459
"../../../Tank/Content/StarterContent/Textures/T_Burst_M.uasset" 460
"../../../Tank/Content/StarterContent/Particles/Materials/M_Burst.uasset" 461
"../../../Tank/Content/StarterContent/Textures/T_Explosion_SubUV.uasset" 462
"../../../Tank/Content/StarterContent/Particles/Materials/M_explosion_subUV.uasset" 463
"../../../Tank/Content/StarterContent/Particles/Materials/m_flare_01.uasset" 464
"../../../Tank/Content/StarterContent/Particles/Materials/M_radial_ramp.uasset" 465
"../../../Tank/Content/StarterContent/Textures/T_Smoke_SubUV.uasset" 466
"../../../Tank/Content/StarterContent/Textures/T_Smoke_Tiled_D.uasset" 467
"../../../Tank/Content/StarterContent/Particles/Materials/M_smoke_subUV.uasset" 468
"../../../Tank/Content/Flak88/Particles/P_Explosion.uasset" 469
"../../../Tank/Content/Flak88/Blueprints/Warhead_Blueprint.uasset" 470
"../../../Tank/Content/Flak88/Audio/BreechClosing.uasset" 471
"../../../Tank/Content/Flak88/Audio/ShellSlideBreech.uasset" 472
"../../../Tank/Content/Flak88/Meshes/Flak88_PhysicsAsset.uasset" 473
"../../../Tank/Content/Flak88/Meshes/Flak88.uasset" 474
"../../../Tank/Content/Flak88/Meshes/Steel.uasset" 475
"../../../Tank/Content/Flak88/Blueprints/Flak88_Blueprint.uasset" 476
"../../../Tank/Content/Flak88/Meshes/Shell.uasset" 477
"../../../Tank/Content/Flak88/Blueprints/Shell_Blueprint.uasset" 478
"../../../Tank/Content/Arena/Meshes/Farmhouse_FBX.uasset" 479
"../../../Tank/Content/Arena/Meshes/Farmhouse_FBX_DM.uasset" 480
"../../../Tank/Content/Vegetation/Maps/layers/Dirt_LayerInfo.uasset" 481
"../../../Tank/Content/Vegetation/Maps/layers/Grass_LayerInfo.uasset" 482
"../../../Tank/Content/Vegetation/Maps/layers/Soil_LayerInfo.uasset" 483
"../../../Tank/Content/Arena/Meshes/Farmhouse_Texture.uasset" 484
"../../../Tank/Content/Arena/Meshes/Farmhouse_Texture_Mat.uasset" 485
"../../../Tank/Content/StarterContent/Textures/T_Ground_Gravel_D.uasset" 486
"../../../Tank/Content/StarterContent/Textures/T_Ground_Gravel_N.uasset" 487
"../../../Tank/Content/StarterContent/Materials/M_Ground_Gravel.uasset" 488
"../../../Tank/Content/StarterContent/Textures/T_Metal_Steel_D.uasset" 489
"../../../Tank/Content/StarterContent/Textures/T_Metal_Steel_N.uasset" 490
"../../../Tank/Content/StarterContent/Materials/M_Metal_Steel.uasset" 491
"../../../Tank/Content/StarterContent/Materials/M_Metal_Steel_Dull.uasset" 492
"../../../Tank/Content/Vegetation/Textures/Ground/tex_dirt_diff.uasset" 493
"../../../Tank/Content/Vegetation/Textures/Ground/tex_dirt_n.uasset" 494
"../../../Tank/Content/Vegetation/Textures/Ground/tex_grass_diff.uasset" 495
"../../../Tank/Content/Vegetation/Textures/Ground/tex_grass_n.uasset" 496
"../../../Tank/Content/Vegetation/Textures/Ground/tex_macro.uasset" 497
"../../../Tank/Content/Vegetation/Textures/Ground/tex_noise.uasset" 498
"../../../Tank/Content/Vegetation/Material/Master_Material/M_landscape.uasset" 499
"../../../Tank/Content/Vegetation/Material/Child_Material/M_landscape_Inst.uasset" 500
"../../../Engine/Content/EditorLandscapeResources/SplineEditorMeshMat.uasset" 501
"../../../Engine/Content/EditorLandscapeResources/SplineEditorMesh.uasset" 502
"../../../Tank/Content/Arena/Meshes/Military_Sandbags.uasset" 503
"../../../Tank/Content/Vegetation/Textures/Grass_Flower/tex_grass_diff.uasset" 504
"../../../Tank/Content/Vegetation/Material/Child_Material/M_grass_pro_Inst.uasset" 505
"../../../Tank/Content/Vegetation/Meshes/Crops/SM_crop1.uasset" 506
"../../../Tank/Content/Vegetation/Meshes/Crops/SM_crop2.uasset" 507
"../../../Tank/Content/Vegetation/Meshes/Crops/SM_crop3.uasset" 508
"../../../Tank/Content/Vegetation/Meshes/Crops/SM_crop4.uasset" 509
"../../../Tank/Content/Vegetation/Meshes/Crops/SM_crop5.uasset" 510
"../../../Tank/Content/Vegetation/Meshes/Crops/SM_crop6.uasset" 511
"../../../Tank/Content/Vegetation/Textures/Grass_Flower/tex_flower_red_diff.uasset" 512
"../../../Tank/Content/Vegetation/Material/Child_Material/M_flower_basic_red_Inst.uasset" 513
"../../../Tank/Content/Vegetation/Meshes/Flowers/SM_grass_flower1.uasset" 514
"../../../Tank/Content/Vegetation/Meshes/Flowers/SM_grass_flower2.uasset" 515
"../../../Tank/Content/Vegetation/Meshes/Flowers/SM_grass_flower3.uasset" 516
"../../../Tank/Content/Vegetation/Meshes/Flowers/SM_grass_flower4.uasset" 517
"../../../Tank/Content/Vegetation/Meshes/Flowers/SM_grass_flower5.uasset" 518
"../../../Tank/Content/Vegetation/Meshes/Flowers/SM_grass_flower6.uasset" 519
"../../../Tank/Content/Vegetation/Meshes/Flowers/SM_grass_patch_flower1.uasset" 520
"../../../Tank/Content/Vegetation/Meshes/Flowers/SM_grass_patch_flower2.uasset" 521
"../../../Tank/Content/Vegetation/Meshes/Flowers/SM_grass_patch_flower3.uasset" 522
"../../../Tank/Content/Vegetation/Meshes/Flowers/SM_grass_patch_flower4.uasset" 523
"../../../Tank/Content/Vegetation/Meshes/Flowers/SM_grass_patch_flower5.uasset" 524
"../../../Tank/Content/Vegetation/Meshes/Flowers/SM_grass_patch_flower6.uasset" 525
"../../../Tank/Content/Vegetation/Material/Child_Material/M_grass_basic_Inst.uasset" 526
"../../../Tank/Content/Vegetation/Meshes/Grass/SM_grass1.uasset" 527
"../../../Tank/Content/Vegetation/Meshes/Grass/SM_grass2.uasset" 528
"../../../Tank/Content/Vegetation/Meshes/Grass/SM_grass3.uasset" 529
"../../../Tank/Content/Vegetation/Meshes/Grass/SM_grass4.uasset" 530
"../../../Tank/Content/Vegetation/Meshes/Grass/SM_grass5.uasset" 531
"../../../Tank/Content/Vegetation/Meshes/Grass/SM_grass6.uasset" 532
"../../../Tank/Content/Vegetation/Meshes/Grass/SM_grass_patch1.uasset" 533
"../../../Tank/Content/Vegetation/Meshes/Grass/SM_grass_patch2.uasset" 534
"../../../Tank/Content/Vegetation/Meshes/Grass/SM_grass_patch3.uasset" 535
"../../../Tank/Content/Vegetation/Meshes/Grass/SM_grass_patch4.uasset" 536
"../../../Tank/Content/Vegetation/Meshes/Grass/SM_grass_patch5.uasset" 537
"../../../Tank/Content/Vegetation/Meshes/Grass/SM_grass_patch6.uasset" 538
"../../../Tank/Content/Large.umap" 539
